da006000_400_2.7.npy    006000 400
da006000_425_2.7.npy    006000 425
da006000_450_2.7.npy    006000 450
da006000_475_2.7.npy    006000 475
da006000_500_2.7.npy    006000 500
da006000_525_2.7.npy    006000 525
da006000_550_2.7.npy    006000 550
da006000_575_2.7.npy    006000 575
da006000_600_2.7.npy    006000 600
da006000_625_2.7.npy    006000 625
da006000_650_2.7.npy    006000 650
da006000_675_2.7.npy    006000 675
da006000_700_2.7.npy    006000 700
da006000_725_2.7.npy    006000 725
da006000_750_2.7.npy    006000 750
da006000_775_2.7.npy    006000 775
da006000_800_2.7.npy    006000 800
da006000_825_2.7.npy    006000 825
da006000_850_2.7.npy    006000 850
da006000_875_2.7.npy    006000 875
da006000_900_2.7.npy    006000 900
da006000_925_2.7.npy    006000 925
da006000_950_2.7.npy    006000 950
da006250_400_2.7.npy    006250 400
da006250_425_2.7.npy    006250 425
da006250_450_2.7.npy    006250 450
da006250_475_2.7.npy    006250 475
da006250_500_2.7.npy    006250 500
da006250_525_2.7.npy    006250 525
da006250_550_2.7.npy    006250 550
da006250_575_2.7.npy    006250 575
da006250_600_2.7.npy    006250 600
da006250_625_2.7.npy    006250 625
da006250_650_2.7.npy    006250 650
da006250_675_2.7.npy    006250 675
da006250_700_2.7.npy    006250 700
da006250_725_2.7.npy    006250 725
da006250_750_2.7.npy    006250 750
da006250_775_2.7.npy    006250 775
da006250_800_2.7.npy    006250 800
da006250_825_2.7.npy    006250 825
da006250_850_2.7.npy    006250 850
da006250_875_2.7.npy    006250 875
da006250_900_2.7.npy    006250 900
da006250_925_2.7.npy    006250 925
da006250_950_2.7.npy    006250 950
da006500_400_2.7.npy    006500 400
da006500_425_2.7.npy    006500 425
da006500_450_2.7.npy    006500 450
da006500_475_2.7.npy    006500 475
da006500_500_2.7.npy    006500 500
da006500_525_2.7.npy    006500 525
da006500_550_2.7.npy    006500 550
da006500_575_2.7.npy    006500 575
da006500_600_2.7.npy    006500 600
da006500_625_2.7.npy    006500 625
da006500_650_2.7.npy    006500 650
da006500_675_2.7.npy    006500 675
da006500_700_2.7.npy    006500 700
da006500_725_2.7.npy    006500 725
da006500_750_2.7.npy    006500 750
da006500_775_2.7.npy    006500 775
da006500_800_2.7.npy    006500 800
da006500_825_2.7.npy    006500 825
da006500_850_2.7.npy    006500 850
da006500_875_2.7.npy    006500 875
da006500_900_2.7.npy    006500 900
da006500_925_2.7.npy    006500 925
da006500_950_2.7.npy    006500 950
da006750_400_2.7.npy    006750 400
da006750_425_2.7.npy    006750 425
da006750_450_2.7.npy    006750 450
da006750_475_2.7.npy    006750 475
da006750_500_2.7.npy    006750 500
da006750_525_2.7.npy    006750 525
da006750_550_2.7.npy    006750 550
da006750_575_2.7.npy    006750 575
da006750_600_2.7.npy    006750 600
da006750_625_2.7.npy    006750 625
da006750_650_2.7.npy    006750 650
da006750_675_2.7.npy    006750 675
da006750_700_2.7.npy    006750 700
da006750_725_2.7.npy    006750 725
da006750_750_2.7.npy    006750 750
da006750_775_2.7.npy    006750 775
da006750_800_2.7.npy    006750 800
da006750_825_2.7.npy    006750 825
da006750_850_2.7.npy    006750 850
da006750_875_2.7.npy    006750 875
da006750_900_2.7.npy    006750 900
da006750_925_2.7.npy    006750 925
da006750_950_2.7.npy    006750 950
da007000_400_2.7.npy    007000 400
da007000_425_2.7.npy    007000 425
da007000_450_2.7.npy    007000 450
da007000_475_2.7.npy    007000 475
da007000_500_2.7.npy    007000 500
da007000_525_2.7.npy    007000 525
da007000_550_2.7.npy    007000 550
da007000_575_2.7.npy    007000 575
da007000_600_2.7.npy    007000 600
da007000_625_2.7.npy    007000 625
da007000_650_2.7.npy    007000 650
da007000_675_2.7.npy    007000 675
da007000_700_2.7.npy    007000 700
da007000_725_2.7.npy    007000 725
da007000_750_2.7.npy    007000 750
da007000_775_2.7.npy    007000 775
da007000_800_2.7.npy    007000 800
da007000_825_2.7.npy    007000 825
da007000_850_2.7.npy    007000 850
da007000_875_2.7.npy    007000 875
da007000_900_2.7.npy    007000 900
da007000_925_2.7.npy    007000 925
da007000_950_2.7.npy    007000 950
da007250_400_2.7.npy    007250 400
da007250_425_2.7.npy    007250 425
da007250_450_2.7.npy    007250 450
da007250_475_2.7.npy    007250 475
da007250_500_2.7.npy    007250 500
da007250_525_2.7.npy    007250 525
da007250_550_2.7.npy    007250 550
da007250_575_2.7.npy    007250 575
da007250_600_2.7.npy    007250 600
da007250_625_2.7.npy    007250 625
da007250_650_2.7.npy    007250 650
da007250_675_2.7.npy    007250 675
da007250_700_2.7.npy    007250 700
da007250_725_2.7.npy    007250 725
da007250_750_2.7.npy    007250 750
da007250_775_2.7.npy    007250 775
da007250_800_2.7.npy    007250 800
da007250_825_2.7.npy    007250 825
da007250_850_2.7.npy    007250 850
da007250_875_2.7.npy    007250 875
da007250_900_2.7.npy    007250 900
da007250_925_2.7.npy    007250 925
da007250_950_2.7.npy    007250 950
da007500_400_2.7.npy    007500 400
da007500_425_2.7.npy    007500 425
da007500_450_2.7.npy    007500 450
da007500_475_2.7.npy    007500 475
da007500_500_2.7.npy    007500 500
da007500_525_2.7.npy    007500 525
da007500_550_2.7.npy    007500 550
da007500_575_2.7.npy    007500 575
da007500_600_2.7.npy    007500 600
da007500_625_2.7.npy    007500 625
da007500_650_2.7.npy    007500 650
da007500_675_2.7.npy    007500 675
da007500_700_2.7.npy    007500 700
da007500_725_2.7.npy    007500 725
da007500_750_2.7.npy    007500 750
da007500_775_2.7.npy    007500 775
da007500_800_2.7.npy    007500 800
da007500_825_2.7.npy    007500 825
da007500_850_2.7.npy    007500 850
da007500_875_2.7.npy    007500 875
da007500_900_2.7.npy    007500 900
da007500_925_2.7.npy    007500 925
da007500_950_2.7.npy    007500 950
da007750_400_2.7.npy    007750 400
da007750_425_2.7.npy    007750 425
da007750_450_2.7.npy    007750 450
da007750_475_2.7.npy    007750 475
da007750_500_2.7.npy    007750 500
da007750_525_2.7.npy    007750 525
da007750_550_2.7.npy    007750 550
da007750_575_2.7.npy    007750 575
da007750_600_2.7.npy    007750 600
da007750_625_2.7.npy    007750 625
da007750_650_2.7.npy    007750 650
da007750_675_2.7.npy    007750 675
da007750_700_2.7.npy    007750 700
da007750_725_2.7.npy    007750 725
da007750_750_2.7.npy    007750 750
da007750_775_2.7.npy    007750 775
da007750_800_2.7.npy    007750 800
da007750_825_2.7.npy    007750 825
da007750_850_2.7.npy    007750 850
da007750_875_2.7.npy    007750 875
da007750_900_2.7.npy    007750 900
da007750_925_2.7.npy    007750 925
da007750_950_2.7.npy    007750 950
da008000_400_2.7.npy    008000 400
da008000_425_2.7.npy    008000 425
da008000_450_2.7.npy    008000 450
da008000_475_2.7.npy    008000 475
da008000_500_2.7.npy    008000 500
da008000_525_2.7.npy    008000 525
da008000_550_2.7.npy    008000 550
da008000_575_2.7.npy    008000 575
da008000_600_2.7.npy    008000 600
da008000_625_2.7.npy    008000 625
da008000_650_2.7.npy    008000 650
da008000_675_2.7.npy    008000 675
da008000_700_2.7.npy    008000 700
da008000_725_2.7.npy    008000 725
da008000_750_2.7.npy    008000 750
da008000_775_2.7.npy    008000 775
da008000_800_2.7.npy    008000 800
da008000_825_2.7.npy    008000 825
da008000_850_2.7.npy    008000 850
da008000_875_2.7.npy    008000 875
da008000_900_2.7.npy    008000 900
da008000_925_2.7.npy    008000 925
da008000_950_2.7.npy    008000 950
da008250_400_2.7.npy    008250 400
da008250_425_2.7.npy    008250 425
da008250_450_2.7.npy    008250 450
da008250_475_2.7.npy    008250 475
da008250_500_2.7.npy    008250 500
da008250_525_2.7.npy    008250 525
da008250_550_2.7.npy    008250 550
da008250_575_2.7.npy    008250 575
da008250_600_2.7.npy    008250 600
da008250_625_2.7.npy    008250 625
da008250_650_2.7.npy    008250 650
da008250_675_2.7.npy    008250 675
da008250_700_2.7.npy    008250 700
da008250_725_2.7.npy    008250 725
da008250_750_2.7.npy    008250 750
da008250_775_2.7.npy    008250 775
da008250_800_2.7.npy    008250 800
da008250_825_2.7.npy    008250 825
da008250_850_2.7.npy    008250 850
da008250_875_2.7.npy    008250 875
da008250_900_2.7.npy    008250 900
da008250_925_2.7.npy    008250 925
da008250_950_2.7.npy    008250 950
da008500_400_2.7.npy    008500 400
da008500_425_2.7.npy    008500 425
da008500_450_2.7.npy    008500 450
da008500_475_2.7.npy    008500 475
da008500_500_2.7.npy    008500 500
da008500_525_2.7.npy    008500 525
da008500_550_2.7.npy    008500 550
da008500_575_2.7.npy    008500 575
da008500_600_2.7.npy    008500 600
da008500_625_2.7.npy    008500 625
da008500_650_2.7.npy    008500 650
da008500_675_2.7.npy    008500 675
da008500_700_2.7.npy    008500 700
da008500_725_2.7.npy    008500 725
da008500_750_2.7.npy    008500 750
da008500_775_2.7.npy    008500 775
da008500_800_2.7.npy    008500 800
da008500_825_2.7.npy    008500 825
da008500_850_2.7.npy    008500 850
da008500_875_2.7.npy    008500 875
da008500_900_2.7.npy    008500 900
da008500_925_2.7.npy    008500 925
da008500_950_2.7.npy    008500 950
da008750_400_2.7.npy    008750 400
da008750_425_2.7.npy    008750 425
da008750_450_2.7.npy    008750 450
da008750_475_2.7.npy    008750 475
da008750_500_2.7.npy    008750 500
da008750_525_2.7.npy    008750 525
da008750_550_2.7.npy    008750 550
da008750_575_2.7.npy    008750 575
da008750_600_2.7.npy    008750 600
da008750_625_2.7.npy    008750 625
da008750_650_2.7.npy    008750 650
da008750_675_2.7.npy    008750 675
da008750_700_2.7.npy    008750 700
da008750_725_2.7.npy    008750 725
da008750_750_2.7.npy    008750 750
da008750_775_2.7.npy    008750 775
da008750_800_2.7.npy    008750 800
da008750_825_2.7.npy    008750 825
da008750_850_2.7.npy    008750 850
da008750_875_2.7.npy    008750 875
da008750_900_2.7.npy    008750 900
da008750_925_2.7.npy    008750 925
da008750_950_2.7.npy    008750 950
da009000_400_2.7.npy    009000 400
da009000_425_2.7.npy    009000 425
da009000_450_2.7.npy    009000 450
da009000_475_2.7.npy    009000 475
da009000_500_2.7.npy    009000 500
da009000_525_2.7.npy    009000 525
da009000_550_2.7.npy    009000 550
da009000_575_2.7.npy    009000 575
da009000_600_2.7.npy    009000 600
da009000_625_2.7.npy    009000 625
da009000_650_2.7.npy    009000 650
da009000_675_2.7.npy    009000 675
da009000_700_2.7.npy    009000 700
da009000_725_2.7.npy    009000 725
da009000_750_2.7.npy    009000 750
da009000_775_2.7.npy    009000 775
da009000_800_2.7.npy    009000 800
da009000_825_2.7.npy    009000 825
da009000_850_2.7.npy    009000 850
da009000_875_2.7.npy    009000 875
da009000_900_2.7.npy    009000 900
da009000_925_2.7.npy    009000 925
da009000_950_2.7.npy    009000 950
da009250_400_2.7.npy    009250 400
da009250_425_2.7.npy    009250 425
da009250_450_2.7.npy    009250 450
da009250_475_2.7.npy    009250 475
da009250_500_2.7.npy    009250 500
da009250_525_2.7.npy    009250 525
da009250_550_2.7.npy    009250 550
da009250_575_2.7.npy    009250 575
da009250_600_2.7.npy    009250 600
da009250_625_2.7.npy    009250 625
da009250_650_2.7.npy    009250 650
da009250_675_2.7.npy    009250 675
da009250_700_2.7.npy    009250 700
da009250_725_2.7.npy    009250 725
da009250_750_2.7.npy    009250 750
da009250_775_2.7.npy    009250 775
da009250_800_2.7.npy    009250 800
da009250_825_2.7.npy    009250 825
da009250_850_2.7.npy    009250 850
da009250_875_2.7.npy    009250 875
da009250_900_2.7.npy    009250 900
da009250_925_2.7.npy    009250 925
da009250_950_2.7.npy    009250 950
da009500_400_2.7.npy    009500 400
da009500_425_2.7.npy    009500 425
da009500_450_2.7.npy    009500 450
da009500_475_2.7.npy    009500 475
da009500_500_2.7.npy    009500 500
da009500_525_2.7.npy    009500 525
da009500_550_2.7.npy    009500 550
da009500_575_2.7.npy    009500 575
da009500_600_2.7.npy    009500 600
da009500_625_2.7.npy    009500 625
da009500_650_2.7.npy    009500 650
da009500_675_2.7.npy    009500 675
da009500_700_2.7.npy    009500 700
da009500_725_2.7.npy    009500 725
da009500_750_2.7.npy    009500 750
da009500_775_2.7.npy    009500 775
da009500_800_2.7.npy    009500 800
da009500_825_2.7.npy    009500 825
da009500_850_2.7.npy    009500 850
da009500_875_2.7.npy    009500 875
da009500_900_2.7.npy    009500 900
da009500_925_2.7.npy    009500 925
da009500_950_2.7.npy    009500 950
da009750_400_2.7.npy    009750 400
da009750_425_2.7.npy    009750 425
da009750_450_2.7.npy    009750 450
da009750_475_2.7.npy    009750 475
da009750_500_2.7.npy    009750 500
da009750_525_2.7.npy    009750 525
da009750_550_2.7.npy    009750 550
da009750_575_2.7.npy    009750 575
da009750_600_2.7.npy    009750 600
da009750_625_2.7.npy    009750 625
da009750_650_2.7.npy    009750 650
da009750_675_2.7.npy    009750 675
da009750_700_2.7.npy    009750 700
da009750_725_2.7.npy    009750 725
da009750_750_2.7.npy    009750 750
da009750_775_2.7.npy    009750 775
da009750_800_2.7.npy    009750 800
da009750_825_2.7.npy    009750 825
da009750_850_2.7.npy    009750 850
da009750_875_2.7.npy    009750 875
da009750_900_2.7.npy    009750 900
da009750_925_2.7.npy    009750 925
da009750_950_2.7.npy    009750 950
da010000_400_2.7.npy    010000 400
da010000_425_2.7.npy    010000 425
da010000_450_2.7.npy    010000 450
da010000_475_2.7.npy    010000 475
da010000_500_2.7.npy    010000 500
da010000_525_2.7.npy    010000 525
da010000_550_2.7.npy    010000 550
da010000_575_2.7.npy    010000 575
da010000_600_2.7.npy    010000 600
da010000_625_2.7.npy    010000 625
da010000_650_2.7.npy    010000 650
da010000_675_2.7.npy    010000 675
da010000_700_2.7.npy    010000 700
da010000_725_2.7.npy    010000 725
da010000_750_2.7.npy    010000 750
da010000_775_2.7.npy    010000 775
da010000_800_2.7.npy    010000 800
da010000_825_2.7.npy    010000 825
da010000_850_2.7.npy    010000 850
da010000_875_2.7.npy    010000 875
da010000_900_2.7.npy    010000 900
da010000_925_2.7.npy    010000 925
da010000_950_2.7.npy    010000 950
da010100_400_2.7.npy    010100 400
da010100_425_2.7.npy    010100 425
da010100_450_2.7.npy    010100 450
da010100_475_2.7.npy    010100 475
da010100_500_2.7.npy    010100 500
da010100_525_2.7.npy    010100 525
da010100_550_2.7.npy    010100 550
da010100_575_2.7.npy    010100 575
da010100_600_2.7.npy    010100 600
da010100_625_2.7.npy    010100 625
da010100_650_2.7.npy    010100 650
da010100_675_2.7.npy    010100 675
da010100_700_2.7.npy    010100 700
da010100_725_2.7.npy    010100 725
da010100_750_2.7.npy    010100 750
da010100_775_2.7.npy    010100 775
da010100_800_2.7.npy    010100 800
da010100_825_2.7.npy    010100 825
da010100_850_2.7.npy    010100 850
da010100_875_2.7.npy    010100 875
da010100_900_2.7.npy    010100 900
da010100_925_2.7.npy    010100 925
da010100_950_2.7.npy    010100 950
da010200_400_2.7.npy    010200 400
da010200_425_2.7.npy    010200 425
da010200_450_2.7.npy    010200 450
da010200_475_2.7.npy    010200 475
da010200_500_2.7.npy    010200 500
da010200_525_2.7.npy    010200 525
da010200_550_2.7.npy    010200 550
da010200_575_2.7.npy    010200 575
da010200_600_2.7.npy    010200 600
da010200_625_2.7.npy    010200 625
da010200_650_2.7.npy    010200 650
da010200_675_2.7.npy    010200 675
da010200_700_2.7.npy    010200 700
da010200_725_2.7.npy    010200 725
da010200_750_2.7.npy    010200 750
da010200_775_2.7.npy    010200 775
da010200_800_2.7.npy    010200 800
da010200_825_2.7.npy    010200 825
da010200_850_2.7.npy    010200 850
da010200_875_2.7.npy    010200 875
da010200_900_2.7.npy    010200 900
da010200_925_2.7.npy    010200 925
da010200_950_2.7.npy    010200 950
da010250_400_2.7.npy    010250 400
da010250_425_2.7.npy    010250 425
da010250_450_2.7.npy    010250 450
da010250_475_2.7.npy    010250 475
da010250_500_2.7.npy    010250 500
da010250_525_2.7.npy    010250 525
da010250_550_2.7.npy    010250 550
da010250_575_2.7.npy    010250 575
da010250_600_2.7.npy    010250 600
da010250_625_2.7.npy    010250 625
da010250_650_2.7.npy    010250 650
da010250_675_2.7.npy    010250 675
da010250_700_2.7.npy    010250 700
da010250_725_2.7.npy    010250 725
da010250_750_2.7.npy    010250 750
da010250_775_2.7.npy    010250 775
da010250_800_2.7.npy    010250 800
da010250_825_2.7.npy    010250 825
da010250_850_2.7.npy    010250 850
da010250_875_2.7.npy    010250 875
da010250_900_2.7.npy    010250 900
da010250_925_2.7.npy    010250 925
da010250_950_2.7.npy    010250 950
da010300_400_2.7.npy    010300 400
da010300_425_2.7.npy    010300 425
da010300_450_2.7.npy    010300 450
da010300_475_2.7.npy    010300 475
da010300_500_2.7.npy    010300 500
da010300_525_2.7.npy    010300 525
da010300_550_2.7.npy    010300 550
da010300_575_2.7.npy    010300 575
da010300_600_2.7.npy    010300 600
da010300_625_2.7.npy    010300 625
da010300_650_2.7.npy    010300 650
da010300_675_2.7.npy    010300 675
da010300_700_2.7.npy    010300 700
da010300_725_2.7.npy    010300 725
da010300_750_2.7.npy    010300 750
da010300_775_2.7.npy    010300 775
da010300_800_2.7.npy    010300 800
da010300_825_2.7.npy    010300 825
da010300_850_2.7.npy    010300 850
da010300_875_2.7.npy    010300 875
da010300_900_2.7.npy    010300 900
da010300_925_2.7.npy    010300 925
da010300_950_2.7.npy    010300 950
da010400_400_2.7.npy    010400 400
da010400_425_2.7.npy    010400 425
da010400_450_2.7.npy    010400 450
da010400_475_2.7.npy    010400 475
da010400_500_2.7.npy    010400 500
da010400_525_2.7.npy    010400 525
da010400_550_2.7.npy    010400 550
da010400_575_2.7.npy    010400 575
da010400_600_2.7.npy    010400 600
da010400_625_2.7.npy    010400 625
da010400_650_2.7.npy    010400 650
da010400_675_2.7.npy    010400 675
da010400_700_2.7.npy    010400 700
da010400_725_2.7.npy    010400 725
da010400_750_2.7.npy    010400 750
da010400_775_2.7.npy    010400 775
da010400_800_2.7.npy    010400 800
da010400_825_2.7.npy    010400 825
da010400_850_2.7.npy    010400 850
da010400_875_2.7.npy    010400 875
da010400_900_2.7.npy    010400 900
da010400_925_2.7.npy    010400 925
da010400_950_2.7.npy    010400 950
da010500_400_2.7.npy    010500 400
da010500_425_2.7.npy    010500 425
da010500_450_2.7.npy    010500 450
da010500_475_2.7.npy    010500 475
da010500_500_2.7.npy    010500 500
da010500_525_2.7.npy    010500 525
da010500_550_2.7.npy    010500 550
da010500_575_2.7.npy    010500 575
da010500_600_2.7.npy    010500 600
da010500_625_2.7.npy    010500 625
da010500_650_2.7.npy    010500 650
da010500_675_2.7.npy    010500 675
da010500_700_2.7.npy    010500 700
da010500_725_2.7.npy    010500 725
da010500_750_2.7.npy    010500 750
da010500_775_2.7.npy    010500 775
da010500_800_2.7.npy    010500 800
da010500_825_2.7.npy    010500 825
da010500_850_2.7.npy    010500 850
da010500_875_2.7.npy    010500 875
da010500_900_2.7.npy    010500 900
da010500_925_2.7.npy    010500 925
da010500_950_2.7.npy    010500 950
da010600_400_2.7.npy    010600 400
da010600_425_2.7.npy    010600 425
da010600_450_2.7.npy    010600 450
da010600_475_2.7.npy    010600 475
da010600_500_2.7.npy    010600 500
da010600_525_2.7.npy    010600 525
da010600_550_2.7.npy    010600 550
da010600_575_2.7.npy    010600 575
da010600_600_2.7.npy    010600 600
da010600_625_2.7.npy    010600 625
da010600_650_2.7.npy    010600 650
da010600_675_2.7.npy    010600 675
da010600_700_2.7.npy    010600 700
da010600_725_2.7.npy    010600 725
da010600_750_2.7.npy    010600 750
da010600_775_2.7.npy    010600 775
da010600_800_2.7.npy    010600 800
da010600_825_2.7.npy    010600 825
da010600_850_2.7.npy    010600 850
da010600_875_2.7.npy    010600 875
da010600_900_2.7.npy    010600 900
da010600_925_2.7.npy    010600 925
da010600_950_2.7.npy    010600 950
da010700_400_2.7.npy    010700 400
da010700_425_2.7.npy    010700 425
da010700_450_2.7.npy    010700 450
da010700_475_2.7.npy    010700 475
da010700_500_2.7.npy    010700 500
da010700_525_2.7.npy    010700 525
da010700_550_2.7.npy    010700 550
da010700_575_2.7.npy    010700 575
da010700_600_2.7.npy    010700 600
da010700_625_2.7.npy    010700 625
da010700_650_2.7.npy    010700 650
da010700_675_2.7.npy    010700 675
da010700_700_2.7.npy    010700 700
da010700_725_2.7.npy    010700 725
da010700_750_2.7.npy    010700 750
da010700_775_2.7.npy    010700 775
da010700_800_2.7.npy    010700 800
da010700_825_2.7.npy    010700 825
da010700_850_2.7.npy    010700 850
da010700_875_2.7.npy    010700 875
da010700_900_2.7.npy    010700 900
da010700_925_2.7.npy    010700 925
da010700_950_2.7.npy    010700 950
da010750_400_2.7.npy    010750 400
da010750_425_2.7.npy    010750 425
da010750_450_2.7.npy    010750 450
da010750_475_2.7.npy    010750 475
da010750_500_2.7.npy    010750 500
da010750_525_2.7.npy    010750 525
da010750_550_2.7.npy    010750 550
da010750_575_2.7.npy    010750 575
da010750_600_2.7.npy    010750 600
da010750_625_2.7.npy    010750 625
da010750_650_2.7.npy    010750 650
da010750_675_2.7.npy    010750 675
da010750_700_2.7.npy    010750 700
da010750_725_2.7.npy    010750 725
da010750_750_2.7.npy    010750 750
da010750_775_2.7.npy    010750 775
da010750_800_2.7.npy    010750 800
da010750_825_2.7.npy    010750 825
da010750_850_2.7.npy    010750 850
da010750_875_2.7.npy    010750 875
da010750_900_2.7.npy    010750 900
da010750_925_2.7.npy    010750 925
da010750_950_2.7.npy    010750 950
da010800_400_2.7.npy    010800 400
da010800_425_2.7.npy    010800 425
da010800_450_2.7.npy    010800 450
da010800_475_2.7.npy    010800 475
da010800_500_2.7.npy    010800 500
da010800_525_2.7.npy    010800 525
da010800_550_2.7.npy    010800 550
da010800_575_2.7.npy    010800 575
da010800_600_2.7.npy    010800 600
da010800_625_2.7.npy    010800 625
da010800_650_2.7.npy    010800 650
da010800_675_2.7.npy    010800 675
da010800_700_2.7.npy    010800 700
da010800_725_2.7.npy    010800 725
da010800_750_2.7.npy    010800 750
da010800_775_2.7.npy    010800 775
da010800_800_2.7.npy    010800 800
da010800_825_2.7.npy    010800 825
da010800_850_2.7.npy    010800 850
da010800_875_2.7.npy    010800 875
da010800_900_2.7.npy    010800 900
da010800_925_2.7.npy    010800 925
da010800_950_2.7.npy    010800 950
da010900_400_2.7.npy    010900 400
da010900_425_2.7.npy    010900 425
da010900_450_2.7.npy    010900 450
da010900_475_2.7.npy    010900 475
da010900_500_2.7.npy    010900 500
da010900_525_2.7.npy    010900 525
da010900_550_2.7.npy    010900 550
da010900_575_2.7.npy    010900 575
da010900_600_2.7.npy    010900 600
da010900_625_2.7.npy    010900 625
da010900_650_2.7.npy    010900 650
da010900_675_2.7.npy    010900 675
da010900_700_2.7.npy    010900 700
da010900_725_2.7.npy    010900 725
da010900_750_2.7.npy    010900 750
da010900_775_2.7.npy    010900 775
da010900_800_2.7.npy    010900 800
da010900_825_2.7.npy    010900 825
da010900_850_2.7.npy    010900 850
da010900_875_2.7.npy    010900 875
da010900_900_2.7.npy    010900 900
da010900_925_2.7.npy    010900 925
da010900_950_2.7.npy    010900 950
da011000_400_2.7.npy    011000 400
da011000_425_2.7.npy    011000 425
da011000_450_2.7.npy    011000 450
da011000_475_2.7.npy    011000 475
da011000_500_2.7.npy    011000 500
da011000_525_2.7.npy    011000 525
da011000_550_2.7.npy    011000 550
da011000_575_2.7.npy    011000 575
da011000_600_2.7.npy    011000 600
da011000_625_2.7.npy    011000 625
da011000_650_2.7.npy    011000 650
da011000_675_2.7.npy    011000 675
da011000_700_2.7.npy    011000 700
da011000_725_2.7.npy    011000 725
da011000_750_2.7.npy    011000 750
da011000_775_2.7.npy    011000 775
da011000_800_2.7.npy    011000 800
da011000_825_2.7.npy    011000 825
da011000_850_2.7.npy    011000 850
da011000_875_2.7.npy    011000 875
da011000_900_2.7.npy    011000 900
da011000_925_2.7.npy    011000 925
da011000_950_2.7.npy    011000 950
da011100_400_2.7.npy    011100 400
da011100_425_2.7.npy    011100 425
da011100_450_2.7.npy    011100 450
da011100_475_2.7.npy    011100 475
da011100_500_2.7.npy    011100 500
da011100_525_2.7.npy    011100 525
da011100_550_2.7.npy    011100 550
da011100_575_2.7.npy    011100 575
da011100_600_2.7.npy    011100 600
da011100_625_2.7.npy    011100 625
da011100_650_2.7.npy    011100 650
da011100_675_2.7.npy    011100 675
da011100_700_2.7.npy    011100 700
da011100_725_2.7.npy    011100 725
da011100_750_2.7.npy    011100 750
da011100_775_2.7.npy    011100 775
da011100_800_2.7.npy    011100 800
da011100_825_2.7.npy    011100 825
da011100_850_2.7.npy    011100 850
da011100_875_2.7.npy    011100 875
da011100_900_2.7.npy    011100 900
da011100_925_2.7.npy    011100 925
da011100_950_2.7.npy    011100 950
da011200_400_2.7.npy    011200 400
da011200_425_2.7.npy    011200 425
da011200_450_2.7.npy    011200 450
da011200_475_2.7.npy    011200 475
da011200_500_2.7.npy    011200 500
da011200_525_2.7.npy    011200 525
da011200_550_2.7.npy    011200 550
da011200_575_2.7.npy    011200 575
da011200_600_2.7.npy    011200 600
da011200_625_2.7.npy    011200 625
da011200_650_2.7.npy    011200 650
da011200_675_2.7.npy    011200 675
da011200_700_2.7.npy    011200 700
da011200_725_2.7.npy    011200 725
da011200_750_2.7.npy    011200 750
da011200_775_2.7.npy    011200 775
da011200_800_2.7.npy    011200 800
da011200_825_2.7.npy    011200 825
da011200_850_2.7.npy    011200 850
da011200_875_2.7.npy    011200 875
da011200_900_2.7.npy    011200 900
da011200_925_2.7.npy    011200 925
da011200_950_2.7.npy    011200 950
da011250_400_2.7.npy    011250 400
da011250_425_2.7.npy    011250 425
da011250_450_2.7.npy    011250 450
da011250_475_2.7.npy    011250 475
da011250_500_2.7.npy    011250 500
da011250_525_2.7.npy    011250 525
da011250_550_2.7.npy    011250 550
da011250_575_2.7.npy    011250 575
da011250_600_2.7.npy    011250 600
da011250_625_2.7.npy    011250 625
da011250_650_2.7.npy    011250 650
da011250_675_2.7.npy    011250 675
da011250_700_2.7.npy    011250 700
da011250_725_2.7.npy    011250 725
da011250_750_2.7.npy    011250 750
da011250_775_2.7.npy    011250 775
da011250_800_2.7.npy    011250 800
da011250_825_2.7.npy    011250 825
da011250_850_2.7.npy    011250 850
da011250_875_2.7.npy    011250 875
da011250_900_2.7.npy    011250 900
da011250_925_2.7.npy    011250 925
da011250_950_2.7.npy    011250 950
da011300_400_2.7.npy    011300 400
da011300_425_2.7.npy    011300 425
da011300_450_2.7.npy    011300 450
da011300_475_2.7.npy    011300 475
da011300_500_2.7.npy    011300 500
da011300_525_2.7.npy    011300 525
da011300_550_2.7.npy    011300 550
da011300_575_2.7.npy    011300 575
da011300_600_2.7.npy    011300 600
da011300_625_2.7.npy    011300 625
da011300_650_2.7.npy    011300 650
da011300_675_2.7.npy    011300 675
da011300_700_2.7.npy    011300 700
da011300_725_2.7.npy    011300 725
da011300_750_2.7.npy    011300 750
da011300_775_2.7.npy    011300 775
da011300_800_2.7.npy    011300 800
da011300_825_2.7.npy    011300 825
da011300_850_2.7.npy    011300 850
da011300_875_2.7.npy    011300 875
da011300_900_2.7.npy    011300 900
da011300_925_2.7.npy    011300 925
da011300_950_2.7.npy    011300 950
da011400_400_2.7.npy    011400 400
da011400_425_2.7.npy    011400 425
da011400_450_2.7.npy    011400 450
da011400_475_2.7.npy    011400 475
da011400_500_2.7.npy    011400 500
da011400_525_2.7.npy    011400 525
da011400_550_2.7.npy    011400 550
da011400_575_2.7.npy    011400 575
da011400_600_2.7.npy    011400 600
da011400_625_2.7.npy    011400 625
da011400_650_2.7.npy    011400 650
da011400_675_2.7.npy    011400 675
da011400_700_2.7.npy    011400 700
da011400_725_2.7.npy    011400 725
da011400_750_2.7.npy    011400 750
da011400_775_2.7.npy    011400 775
da011400_800_2.7.npy    011400 800
da011400_825_2.7.npy    011400 825
da011400_850_2.7.npy    011400 850
da011400_875_2.7.npy    011400 875
da011400_900_2.7.npy    011400 900
da011400_925_2.7.npy    011400 925
da011400_950_2.7.npy    011400 950
da011500_400_2.7.npy    011500 400
da011500_425_2.7.npy    011500 425
da011500_450_2.7.npy    011500 450
da011500_475_2.7.npy    011500 475
da011500_500_2.7.npy    011500 500
da011500_525_2.7.npy    011500 525
da011500_550_2.7.npy    011500 550
da011500_575_2.7.npy    011500 575
da011500_600_2.7.npy    011500 600
da011500_625_2.7.npy    011500 625
da011500_650_2.7.npy    011500 650
da011500_675_2.7.npy    011500 675
da011500_700_2.7.npy    011500 700
da011500_725_2.7.npy    011500 725
da011500_750_2.7.npy    011500 750
da011500_775_2.7.npy    011500 775
da011500_800_2.7.npy    011500 800
da011500_825_2.7.npy    011500 825
da011500_850_2.7.npy    011500 850
da011500_875_2.7.npy    011500 875
da011500_900_2.7.npy    011500 900
da011500_925_2.7.npy    011500 925
da011500_950_2.7.npy    011500 950
da011600_400_2.7.npy    011600 400
da011600_425_2.7.npy    011600 425
da011600_450_2.7.npy    011600 450
da011600_475_2.7.npy    011600 475
da011600_500_2.7.npy    011600 500
da011600_525_2.7.npy    011600 525
da011600_550_2.7.npy    011600 550
da011600_575_2.7.npy    011600 575
da011600_600_2.7.npy    011600 600
da011600_625_2.7.npy    011600 625
da011600_650_2.7.npy    011600 650
da011600_675_2.7.npy    011600 675
da011600_700_2.7.npy    011600 700
da011600_725_2.7.npy    011600 725
da011600_750_2.7.npy    011600 750
da011600_775_2.7.npy    011600 775
da011600_800_2.7.npy    011600 800
da011600_825_2.7.npy    011600 825
da011600_850_2.7.npy    011600 850
da011600_875_2.7.npy    011600 875
da011600_900_2.7.npy    011600 900
da011600_925_2.7.npy    011600 925
da011600_950_2.7.npy    011600 950
da011700_400_2.7.npy    011700 400
da011700_425_2.7.npy    011700 425
da011700_450_2.7.npy    011700 450
da011700_475_2.7.npy    011700 475
da011700_500_2.7.npy    011700 500
da011700_525_2.7.npy    011700 525
da011700_550_2.7.npy    011700 550
da011700_575_2.7.npy    011700 575
da011700_600_2.7.npy    011700 600
da011700_625_2.7.npy    011700 625
da011700_650_2.7.npy    011700 650
da011700_675_2.7.npy    011700 675
da011700_700_2.7.npy    011700 700
da011700_725_2.7.npy    011700 725
da011700_750_2.7.npy    011700 750
da011700_775_2.7.npy    011700 775
da011700_800_2.7.npy    011700 800
da011700_825_2.7.npy    011700 825
da011700_850_2.7.npy    011700 850
da011700_875_2.7.npy    011700 875
da011700_900_2.7.npy    011700 900
da011700_925_2.7.npy    011700 925
da011700_950_2.7.npy    011700 950
da011750_400_2.7.npy    011750 400
da011750_425_2.7.npy    011750 425
da011750_450_2.7.npy    011750 450
da011750_475_2.7.npy    011750 475
da011750_500_2.7.npy    011750 500
da011750_525_2.7.npy    011750 525
da011750_550_2.7.npy    011750 550
da011750_575_2.7.npy    011750 575
da011750_600_2.7.npy    011750 600
da011750_625_2.7.npy    011750 625
da011750_650_2.7.npy    011750 650
da011750_675_2.7.npy    011750 675
da011750_700_2.7.npy    011750 700
da011750_725_2.7.npy    011750 725
da011750_750_2.7.npy    011750 750
da011750_775_2.7.npy    011750 775
da011750_800_2.7.npy    011750 800
da011750_825_2.7.npy    011750 825
da011750_850_2.7.npy    011750 850
da011750_875_2.7.npy    011750 875
da011750_900_2.7.npy    011750 900
da011750_925_2.7.npy    011750 925
da011750_950_2.7.npy    011750 950
da011800_400_2.7.npy    011800 400
da011800_425_2.7.npy    011800 425
da011800_450_2.7.npy    011800 450
da011800_475_2.7.npy    011800 475
da011800_500_2.7.npy    011800 500
da011800_525_2.7.npy    011800 525
da011800_550_2.7.npy    011800 550
da011800_575_2.7.npy    011800 575
da011800_600_2.7.npy    011800 600
da011800_625_2.7.npy    011800 625
da011800_650_2.7.npy    011800 650
da011800_675_2.7.npy    011800 675
da011800_700_2.7.npy    011800 700
da011800_725_2.7.npy    011800 725
da011800_750_2.7.npy    011800 750
da011800_775_2.7.npy    011800 775
da011800_800_2.7.npy    011800 800
da011800_825_2.7.npy    011800 825
da011800_850_2.7.npy    011800 850
da011800_875_2.7.npy    011800 875
da011800_900_2.7.npy    011800 900
da011800_925_2.7.npy    011800 925
da011800_950_2.7.npy    011800 950
da011900_400_2.7.npy    011900 400
da011900_425_2.7.npy    011900 425
da011900_450_2.7.npy    011900 450
da011900_475_2.7.npy    011900 475
da011900_500_2.7.npy    011900 500
da011900_525_2.7.npy    011900 525
da011900_550_2.7.npy    011900 550
da011900_575_2.7.npy    011900 575
da011900_600_2.7.npy    011900 600
da011900_625_2.7.npy    011900 625
da011900_650_2.7.npy    011900 650
da011900_675_2.7.npy    011900 675
da011900_700_2.7.npy    011900 700
da011900_725_2.7.npy    011900 725
da011900_750_2.7.npy    011900 750
da011900_775_2.7.npy    011900 775
da011900_800_2.7.npy    011900 800
da011900_825_2.7.npy    011900 825
da011900_850_2.7.npy    011900 850
da011900_875_2.7.npy    011900 875
da011900_900_2.7.npy    011900 900
da011900_925_2.7.npy    011900 925
da011900_950_2.7.npy    011900 950
da012000_400_2.7.npy    012000 400
da012000_425_2.7.npy    012000 425
da012000_450_2.7.npy    012000 450
da012000_475_2.7.npy    012000 475
da012000_500_2.7.npy    012000 500
da012000_525_2.7.npy    012000 525
da012000_550_2.7.npy    012000 550
da012000_575_2.7.npy    012000 575
da012000_600_2.7.npy    012000 600
da012000_625_2.7.npy    012000 625
da012000_650_2.7.npy    012000 650
da012000_675_2.7.npy    012000 675
da012000_700_2.7.npy    012000 700
da012000_725_2.7.npy    012000 725
da012000_750_2.7.npy    012000 750
da012000_775_2.7.npy    012000 775
da012000_800_2.7.npy    012000 800
da012000_825_2.7.npy    012000 825
da012000_850_2.7.npy    012000 850
da012000_875_2.7.npy    012000 875
da012000_900_2.7.npy    012000 900
da012000_925_2.7.npy    012000 925
da012000_950_2.7.npy    012000 950
da012100_400_2.7.npy    012100 400
da012100_425_2.7.npy    012100 425
da012100_450_2.7.npy    012100 450
da012100_475_2.7.npy    012100 475
da012100_500_2.7.npy    012100 500
da012100_525_2.7.npy    012100 525
da012100_550_2.7.npy    012100 550
da012100_575_2.7.npy    012100 575
da012100_600_2.7.npy    012100 600
da012100_625_2.7.npy    012100 625
da012100_650_2.7.npy    012100 650
da012100_675_2.7.npy    012100 675
da012100_700_2.7.npy    012100 700
da012100_725_2.7.npy    012100 725
da012100_750_2.7.npy    012100 750
da012100_775_2.7.npy    012100 775
da012100_800_2.7.npy    012100 800
da012100_825_2.7.npy    012100 825
da012100_850_2.7.npy    012100 850
da012100_875_2.7.npy    012100 875
da012100_900_2.7.npy    012100 900
da012100_925_2.7.npy    012100 925
da012100_950_2.7.npy    012100 950
da012200_400_2.7.npy    012200 400
da012200_425_2.7.npy    012200 425
da012200_450_2.7.npy    012200 450
da012200_475_2.7.npy    012200 475
da012200_500_2.7.npy    012200 500
da012200_525_2.7.npy    012200 525
da012200_550_2.7.npy    012200 550
da012200_575_2.7.npy    012200 575
da012200_600_2.7.npy    012200 600
da012200_625_2.7.npy    012200 625
da012200_650_2.7.npy    012200 650
da012200_675_2.7.npy    012200 675
da012200_700_2.7.npy    012200 700
da012200_725_2.7.npy    012200 725
da012200_750_2.7.npy    012200 750
da012200_775_2.7.npy    012200 775
da012200_800_2.7.npy    012200 800
da012200_825_2.7.npy    012200 825
da012200_850_2.7.npy    012200 850
da012200_875_2.7.npy    012200 875
da012200_900_2.7.npy    012200 900
da012200_925_2.7.npy    012200 925
da012200_950_2.7.npy    012200 950
da012250_400_2.7.npy    012250 400
da012250_425_2.7.npy    012250 425
da012250_450_2.7.npy    012250 450
da012250_475_2.7.npy    012250 475
da012250_500_2.7.npy    012250 500
da012250_525_2.7.npy    012250 525
da012250_550_2.7.npy    012250 550
da012250_575_2.7.npy    012250 575
da012250_600_2.7.npy    012250 600
da012250_625_2.7.npy    012250 625
da012250_650_2.7.npy    012250 650
da012250_675_2.7.npy    012250 675
da012250_700_2.7.npy    012250 700
da012250_725_2.7.npy    012250 725
da012250_750_2.7.npy    012250 750
da012250_775_2.7.npy    012250 775
da012250_800_2.7.npy    012250 800
da012250_825_2.7.npy    012250 825
da012250_850_2.7.npy    012250 850
da012250_875_2.7.npy    012250 875
da012250_900_2.7.npy    012250 900
da012250_925_2.7.npy    012250 925
da012250_950_2.7.npy    012250 950
da012300_400_2.7.npy    012300 400
da012300_425_2.7.npy    012300 425
da012300_450_2.7.npy    012300 450
da012300_475_2.7.npy    012300 475
da012300_500_2.7.npy    012300 500
da012300_525_2.7.npy    012300 525
da012300_550_2.7.npy    012300 550
da012300_575_2.7.npy    012300 575
da012300_600_2.7.npy    012300 600
da012300_625_2.7.npy    012300 625
da012300_650_2.7.npy    012300 650
da012300_675_2.7.npy    012300 675
da012300_700_2.7.npy    012300 700
da012300_725_2.7.npy    012300 725
da012300_750_2.7.npy    012300 750
da012300_775_2.7.npy    012300 775
da012300_800_2.7.npy    012300 800
da012300_825_2.7.npy    012300 825
da012300_850_2.7.npy    012300 850
da012300_875_2.7.npy    012300 875
da012300_900_2.7.npy    012300 900
da012300_925_2.7.npy    012300 925
da012300_950_2.7.npy    012300 950
da012400_400_2.7.npy    012400 400
da012400_425_2.7.npy    012400 425
da012400_450_2.7.npy    012400 450
da012400_475_2.7.npy    012400 475
da012400_500_2.7.npy    012400 500
da012400_525_2.7.npy    012400 525
da012400_550_2.7.npy    012400 550
da012400_575_2.7.npy    012400 575
da012400_600_2.7.npy    012400 600
da012400_625_2.7.npy    012400 625
da012400_650_2.7.npy    012400 650
da012400_675_2.7.npy    012400 675
da012400_700_2.7.npy    012400 700
da012400_725_2.7.npy    012400 725
da012400_750_2.7.npy    012400 750
da012400_775_2.7.npy    012400 775
da012400_800_2.7.npy    012400 800
da012400_825_2.7.npy    012400 825
da012400_850_2.7.npy    012400 850
da012400_875_2.7.npy    012400 875
da012400_900_2.7.npy    012400 900
da012400_925_2.7.npy    012400 925
da012400_950_2.7.npy    012400 950
da012500_400_2.7.npy    012500 400
da012500_425_2.7.npy    012500 425
da012500_450_2.7.npy    012500 450
da012500_475_2.7.npy    012500 475
da012500_500_2.7.npy    012500 500
da012500_525_2.7.npy    012500 525
da012500_550_2.7.npy    012500 550
da012500_575_2.7.npy    012500 575
da012500_600_2.7.npy    012500 600
da012500_625_2.7.npy    012500 625
da012500_650_2.7.npy    012500 650
da012500_675_2.7.npy    012500 675
da012500_700_2.7.npy    012500 700
da012500_725_2.7.npy    012500 725
da012500_750_2.7.npy    012500 750
da012500_775_2.7.npy    012500 775
da012500_800_2.7.npy    012500 800
da012500_825_2.7.npy    012500 825
da012500_850_2.7.npy    012500 850
da012500_875_2.7.npy    012500 875
da012500_900_2.7.npy    012500 900
da012500_925_2.7.npy    012500 925
da012500_950_2.7.npy    012500 950
da012600_400_2.7.npy    012600 400
da012600_425_2.7.npy    012600 425
da012600_450_2.7.npy    012600 450
da012600_475_2.7.npy    012600 475
da012600_500_2.7.npy    012600 500
da012600_525_2.7.npy    012600 525
da012600_550_2.7.npy    012600 550
da012600_575_2.7.npy    012600 575
da012600_600_2.7.npy    012600 600
da012600_625_2.7.npy    012600 625
da012600_650_2.7.npy    012600 650
da012600_675_2.7.npy    012600 675
da012600_700_2.7.npy    012600 700
da012600_725_2.7.npy    012600 725
da012600_750_2.7.npy    012600 750
da012600_775_2.7.npy    012600 775
da012600_800_2.7.npy    012600 800
da012600_825_2.7.npy    012600 825
da012600_850_2.7.npy    012600 850
da012600_875_2.7.npy    012600 875
da012600_900_2.7.npy    012600 900
da012600_925_2.7.npy    012600 925
da012600_950_2.7.npy    012600 950
da012700_400_2.7.npy    012700 400
da012700_425_2.7.npy    012700 425
da012700_450_2.7.npy    012700 450
da012700_475_2.7.npy    012700 475
da012700_500_2.7.npy    012700 500
da012700_525_2.7.npy    012700 525
da012700_550_2.7.npy    012700 550
da012700_575_2.7.npy    012700 575
da012700_600_2.7.npy    012700 600
da012700_625_2.7.npy    012700 625
da012700_650_2.7.npy    012700 650
da012700_675_2.7.npy    012700 675
da012700_700_2.7.npy    012700 700
da012700_725_2.7.npy    012700 725
da012700_750_2.7.npy    012700 750
da012700_775_2.7.npy    012700 775
da012700_800_2.7.npy    012700 800
da012700_825_2.7.npy    012700 825
da012700_850_2.7.npy    012700 850
da012700_875_2.7.npy    012700 875
da012700_900_2.7.npy    012700 900
da012700_925_2.7.npy    012700 925
da012700_950_2.7.npy    012700 950
da012750_400_2.7.npy    012750 400
da012750_425_2.7.npy    012750 425
da012750_450_2.7.npy    012750 450
da012750_475_2.7.npy    012750 475
da012750_500_2.7.npy    012750 500
da012750_525_2.7.npy    012750 525
da012750_550_2.7.npy    012750 550
da012750_575_2.7.npy    012750 575
da012750_600_2.7.npy    012750 600
da012750_625_2.7.npy    012750 625
da012750_650_2.7.npy    012750 650
da012750_675_2.7.npy    012750 675
da012750_700_2.7.npy    012750 700
da012750_725_2.7.npy    012750 725
da012750_750_2.7.npy    012750 750
da012750_775_2.7.npy    012750 775
da012750_800_2.7.npy    012750 800
da012750_825_2.7.npy    012750 825
da012750_850_2.7.npy    012750 850
da012750_875_2.7.npy    012750 875
da012750_900_2.7.npy    012750 900
da012750_925_2.7.npy    012750 925
da012750_950_2.7.npy    012750 950
da012800_400_2.7.npy    012800 400
da012800_425_2.7.npy    012800 425
da012800_450_2.7.npy    012800 450
da012800_475_2.7.npy    012800 475
da012800_500_2.7.npy    012800 500
da012800_525_2.7.npy    012800 525
da012800_550_2.7.npy    012800 550
da012800_575_2.7.npy    012800 575
da012800_600_2.7.npy    012800 600
da012800_625_2.7.npy    012800 625
da012800_650_2.7.npy    012800 650
da012800_675_2.7.npy    012800 675
da012800_700_2.7.npy    012800 700
da012800_725_2.7.npy    012800 725
da012800_750_2.7.npy    012800 750
da012800_775_2.7.npy    012800 775
da012800_800_2.7.npy    012800 800
da012800_825_2.7.npy    012800 825
da012800_850_2.7.npy    012800 850
da012800_875_2.7.npy    012800 875
da012800_900_2.7.npy    012800 900
da012800_925_2.7.npy    012800 925
da012800_950_2.7.npy    012800 950
da012900_400_2.7.npy    012900 400
da012900_425_2.7.npy    012900 425
da012900_450_2.7.npy    012900 450
da012900_475_2.7.npy    012900 475
da012900_500_2.7.npy    012900 500
da012900_525_2.7.npy    012900 525
da012900_550_2.7.npy    012900 550
da012900_575_2.7.npy    012900 575
da012900_600_2.7.npy    012900 600
da012900_625_2.7.npy    012900 625
da012900_650_2.7.npy    012900 650
da012900_675_2.7.npy    012900 675
da012900_700_2.7.npy    012900 700
da012900_725_2.7.npy    012900 725
da012900_750_2.7.npy    012900 750
da012900_775_2.7.npy    012900 775
da012900_800_2.7.npy    012900 800
da012900_825_2.7.npy    012900 825
da012900_850_2.7.npy    012900 850
da012900_875_2.7.npy    012900 875
da012900_900_2.7.npy    012900 900
da012900_925_2.7.npy    012900 925
da012900_950_2.7.npy    012900 950
da013000_400_2.7.npy    013000 400
da013000_425_2.7.npy    013000 425
da013000_450_2.7.npy    013000 450
da013000_475_2.7.npy    013000 475
da013000_500_2.7.npy    013000 500
da013000_525_2.7.npy    013000 525
da013000_550_2.7.npy    013000 550
da013000_575_2.7.npy    013000 575
da013000_600_2.7.npy    013000 600
da013000_625_2.7.npy    013000 625
da013000_650_2.7.npy    013000 650
da013000_675_2.7.npy    013000 675
da013000_700_2.7.npy    013000 700
da013000_725_2.7.npy    013000 725
da013000_750_2.7.npy    013000 750
da013000_775_2.7.npy    013000 775
da013000_800_2.7.npy    013000 800
da013000_825_2.7.npy    013000 825
da013000_850_2.7.npy    013000 850
da013000_875_2.7.npy    013000 875
da013000_900_2.7.npy    013000 900
da013000_925_2.7.npy    013000 925
da013000_950_2.7.npy    013000 950
da013250_400_2.7.npy    013250 400
da013250_425_2.7.npy    013250 425
da013250_450_2.7.npy    013250 450
da013250_475_2.7.npy    013250 475
da013250_500_2.7.npy    013250 500
da013250_525_2.7.npy    013250 525
da013250_550_2.7.npy    013250 550
da013250_575_2.7.npy    013250 575
da013250_600_2.7.npy    013250 600
da013250_625_2.7.npy    013250 625
da013250_650_2.7.npy    013250 650
da013250_675_2.7.npy    013250 675
da013250_700_2.7.npy    013250 700
da013250_725_2.7.npy    013250 725
da013250_750_2.7.npy    013250 750
da013250_775_2.7.npy    013250 775
da013250_800_2.7.npy    013250 800
da013250_825_2.7.npy    013250 825
da013250_850_2.7.npy    013250 850
da013250_875_2.7.npy    013250 875
da013250_900_2.7.npy    013250 900
da013250_925_2.7.npy    013250 925
da013250_950_2.7.npy    013250 950
da013500_400_2.7.npy    013500 400
da013500_425_2.7.npy    013500 425
da013500_450_2.7.npy    013500 450
da013500_475_2.7.npy    013500 475
da013500_500_2.7.npy    013500 500
da013500_525_2.7.npy    013500 525
da013500_550_2.7.npy    013500 550
da013500_575_2.7.npy    013500 575
da013500_600_2.7.npy    013500 600
da013500_625_2.7.npy    013500 625
da013500_650_2.7.npy    013500 650
da013500_675_2.7.npy    013500 675
da013500_700_2.7.npy    013500 700
da013500_725_2.7.npy    013500 725
da013500_750_2.7.npy    013500 750
da013500_775_2.7.npy    013500 775
da013500_800_2.7.npy    013500 800
da013500_825_2.7.npy    013500 825
da013500_850_2.7.npy    013500 850
da013500_875_2.7.npy    013500 875
da013500_900_2.7.npy    013500 900
da013500_925_2.7.npy    013500 925
da013500_950_2.7.npy    013500 950
da013750_400_2.7.npy    013750 400
da013750_425_2.7.npy    013750 425
da013750_450_2.7.npy    013750 450
da013750_475_2.7.npy    013750 475
da013750_500_2.7.npy    013750 500
da013750_525_2.7.npy    013750 525
da013750_550_2.7.npy    013750 550
da013750_575_2.7.npy    013750 575
da013750_600_2.7.npy    013750 600
da013750_625_2.7.npy    013750 625
da013750_650_2.7.npy    013750 650
da013750_675_2.7.npy    013750 675
da013750_700_2.7.npy    013750 700
da013750_725_2.7.npy    013750 725
da013750_750_2.7.npy    013750 750
da013750_775_2.7.npy    013750 775
da013750_800_2.7.npy    013750 800
da013750_825_2.7.npy    013750 825
da013750_850_2.7.npy    013750 850
da013750_875_2.7.npy    013750 875
da013750_900_2.7.npy    013750 900
da013750_925_2.7.npy    013750 925
da013750_950_2.7.npy    013750 950
da014000_400_2.7.npy    014000 400
da014000_425_2.7.npy    014000 425
da014000_450_2.7.npy    014000 450
da014000_475_2.7.npy    014000 475
da014000_500_2.7.npy    014000 500
da014000_525_2.7.npy    014000 525
da014000_550_2.7.npy    014000 550
da014000_575_2.7.npy    014000 575
da014000_600_2.7.npy    014000 600
da014000_625_2.7.npy    014000 625
da014000_650_2.7.npy    014000 650
da014000_675_2.7.npy    014000 675
da014000_700_2.7.npy    014000 700
da014000_725_2.7.npy    014000 725
da014000_750_2.7.npy    014000 750
da014000_775_2.7.npy    014000 775
da014000_800_2.7.npy    014000 800
da014000_825_2.7.npy    014000 825
da014000_850_2.7.npy    014000 850
da014000_875_2.7.npy    014000 875
da014000_900_2.7.npy    014000 900
da014000_925_2.7.npy    014000 925
da014000_950_2.7.npy    014000 950
da014250_400_2.7.npy    014250 400
da014250_425_2.7.npy    014250 425
da014250_450_2.7.npy    014250 450
da014250_475_2.7.npy    014250 475
da014250_500_2.7.npy    014250 500
da014250_525_2.7.npy    014250 525
da014250_550_2.7.npy    014250 550
da014250_575_2.7.npy    014250 575
da014250_600_2.7.npy    014250 600
da014250_625_2.7.npy    014250 625
da014250_650_2.7.npy    014250 650
da014250_675_2.7.npy    014250 675
da014250_700_2.7.npy    014250 700
da014250_725_2.7.npy    014250 725
da014250_750_2.7.npy    014250 750
da014250_775_2.7.npy    014250 775
da014250_800_2.7.npy    014250 800
da014250_825_2.7.npy    014250 825
da014250_850_2.7.npy    014250 850
da014250_875_2.7.npy    014250 875
da014250_900_2.7.npy    014250 900
da014250_925_2.7.npy    014250 925
da014250_950_2.7.npy    014250 950
da014500_400_2.7.npy    014500 400
da014500_425_2.7.npy    014500 425
da014500_450_2.7.npy    014500 450
da014500_475_2.7.npy    014500 475
da014500_500_2.7.npy    014500 500
da014500_525_2.7.npy    014500 525
da014500_550_2.7.npy    014500 550
da014500_575_2.7.npy    014500 575
da014500_600_2.7.npy    014500 600
da014500_625_2.7.npy    014500 625
da014500_650_2.7.npy    014500 650
da014500_675_2.7.npy    014500 675
da014500_700_2.7.npy    014500 700
da014500_725_2.7.npy    014500 725
da014500_750_2.7.npy    014500 750
da014500_775_2.7.npy    014500 775
da014500_800_2.7.npy    014500 800
da014500_825_2.7.npy    014500 825
da014500_850_2.7.npy    014500 850
da014500_875_2.7.npy    014500 875
da014500_900_2.7.npy    014500 900
da014500_925_2.7.npy    014500 925
da014500_950_2.7.npy    014500 950
da014750_400_2.7.npy    014750 400
da014750_425_2.7.npy    014750 425
da014750_450_2.7.npy    014750 450
da014750_475_2.7.npy    014750 475
da014750_500_2.7.npy    014750 500
da014750_525_2.7.npy    014750 525
da014750_550_2.7.npy    014750 550
da014750_575_2.7.npy    014750 575
da014750_600_2.7.npy    014750 600
da014750_625_2.7.npy    014750 625
da014750_650_2.7.npy    014750 650
da014750_675_2.7.npy    014750 675
da014750_700_2.7.npy    014750 700
da014750_725_2.7.npy    014750 725
da014750_750_2.7.npy    014750 750
da014750_775_2.7.npy    014750 775
da014750_800_2.7.npy    014750 800
da014750_825_2.7.npy    014750 825
da014750_850_2.7.npy    014750 850
da014750_875_2.7.npy    014750 875
da014750_900_2.7.npy    014750 900
da014750_925_2.7.npy    014750 925
da014750_950_2.7.npy    014750 950
da015000_400_2.7.npy    015000 400
da015000_425_2.7.npy    015000 425
da015000_450_2.7.npy    015000 450
da015000_475_2.7.npy    015000 475
da015000_500_2.7.npy    015000 500
da015000_525_2.7.npy    015000 525
da015000_550_2.7.npy    015000 550
da015000_575_2.7.npy    015000 575
da015000_600_2.7.npy    015000 600
da015000_625_2.7.npy    015000 625
da015000_650_2.7.npy    015000 650
da015000_675_2.7.npy    015000 675
da015000_700_2.7.npy    015000 700
da015000_725_2.7.npy    015000 725
da015000_750_2.7.npy    015000 750
da015000_775_2.7.npy    015000 775
da015000_800_2.7.npy    015000 800
da015000_825_2.7.npy    015000 825
da015000_850_2.7.npy    015000 850
da015000_875_2.7.npy    015000 875
da015000_900_2.7.npy    015000 900
da015000_925_2.7.npy    015000 925
da015000_950_2.7.npy    015000 950
da015250_400_2.7.npy    015250 400
da015250_425_2.7.npy    015250 425
da015250_450_2.7.npy    015250 450
da015250_475_2.7.npy    015250 475
da015250_500_2.7.npy    015250 500
da015250_525_2.7.npy    015250 525
da015250_550_2.7.npy    015250 550
da015250_575_2.7.npy    015250 575
da015250_600_2.7.npy    015250 600
da015250_625_2.7.npy    015250 625
da015250_650_2.7.npy    015250 650
da015250_675_2.7.npy    015250 675
da015250_700_2.7.npy    015250 700
da015250_725_2.7.npy    015250 725
da015250_750_2.7.npy    015250 750
da015250_775_2.7.npy    015250 775
da015250_800_2.7.npy    015250 800
da015250_825_2.7.npy    015250 825
da015250_850_2.7.npy    015250 850
da015250_875_2.7.npy    015250 875
da015250_900_2.7.npy    015250 900
da015250_925_2.7.npy    015250 925
da015250_950_2.7.npy    015250 950
da015500_400_2.7.npy    015500 400
da015500_425_2.7.npy    015500 425
da015500_450_2.7.npy    015500 450
da015500_475_2.7.npy    015500 475
da015500_500_2.7.npy    015500 500
da015500_525_2.7.npy    015500 525
da015500_550_2.7.npy    015500 550
da015500_575_2.7.npy    015500 575
da015500_600_2.7.npy    015500 600
da015500_625_2.7.npy    015500 625
da015500_650_2.7.npy    015500 650
da015500_675_2.7.npy    015500 675
da015500_700_2.7.npy    015500 700
da015500_725_2.7.npy    015500 725
da015500_750_2.7.npy    015500 750
da015500_775_2.7.npy    015500 775
da015500_800_2.7.npy    015500 800
da015500_825_2.7.npy    015500 825
da015500_850_2.7.npy    015500 850
da015500_875_2.7.npy    015500 875
da015500_900_2.7.npy    015500 900
da015500_925_2.7.npy    015500 925
da015500_950_2.7.npy    015500 950
da015750_400_2.7.npy    015750 400
da015750_425_2.7.npy    015750 425
da015750_450_2.7.npy    015750 450
da015750_475_2.7.npy    015750 475
da015750_500_2.7.npy    015750 500
da015750_525_2.7.npy    015750 525
da015750_550_2.7.npy    015750 550
da015750_575_2.7.npy    015750 575
da015750_600_2.7.npy    015750 600
da015750_625_2.7.npy    015750 625
da015750_650_2.7.npy    015750 650
da015750_675_2.7.npy    015750 675
da015750_700_2.7.npy    015750 700
da015750_725_2.7.npy    015750 725
da015750_750_2.7.npy    015750 750
da015750_775_2.7.npy    015750 775
da015750_800_2.7.npy    015750 800
da015750_825_2.7.npy    015750 825
da015750_850_2.7.npy    015750 850
da015750_875_2.7.npy    015750 875
da015750_900_2.7.npy    015750 900
da015750_925_2.7.npy    015750 925
da015750_950_2.7.npy    015750 950
da016000_400_2.7.npy    016000 400
da016000_425_2.7.npy    016000 425
da016000_450_2.7.npy    016000 450
da016000_475_2.7.npy    016000 475
da016000_500_2.7.npy    016000 500
da016000_525_2.7.npy    016000 525
da016000_550_2.7.npy    016000 550
da016000_575_2.7.npy    016000 575
da016000_600_2.7.npy    016000 600
da016000_625_2.7.npy    016000 625
da016000_650_2.7.npy    016000 650
da016000_675_2.7.npy    016000 675
da016000_700_2.7.npy    016000 700
da016000_725_2.7.npy    016000 725
da016000_750_2.7.npy    016000 750
da016000_775_2.7.npy    016000 775
da016000_800_2.7.npy    016000 800
da016000_825_2.7.npy    016000 825
da016000_850_2.7.npy    016000 850
da016000_875_2.7.npy    016000 875
da016000_900_2.7.npy    016000 900
da016000_925_2.7.npy    016000 925
da016000_950_2.7.npy    016000 950
da016250_400_2.7.npy    016250 400
da016250_425_2.7.npy    016250 425
da016250_450_2.7.npy    016250 450
da016250_475_2.7.npy    016250 475
da016250_500_2.7.npy    016250 500
da016250_525_2.7.npy    016250 525
da016250_550_2.7.npy    016250 550
da016250_575_2.7.npy    016250 575
da016250_600_2.7.npy    016250 600
da016250_625_2.7.npy    016250 625
da016250_650_2.7.npy    016250 650
da016250_675_2.7.npy    016250 675
da016250_700_2.7.npy    016250 700
da016250_725_2.7.npy    016250 725
da016250_750_2.7.npy    016250 750
da016250_775_2.7.npy    016250 775
da016250_800_2.7.npy    016250 800
da016250_825_2.7.npy    016250 825
da016250_850_2.7.npy    016250 850
da016250_875_2.7.npy    016250 875
da016250_900_2.7.npy    016250 900
da016250_925_2.7.npy    016250 925
da016250_950_2.7.npy    016250 950
da016500_400_2.7.npy    016500 400
da016500_425_2.7.npy    016500 425
da016500_450_2.7.npy    016500 450
da016500_475_2.7.npy    016500 475
da016500_500_2.7.npy    016500 500
da016500_525_2.7.npy    016500 525
da016500_550_2.7.npy    016500 550
da016500_575_2.7.npy    016500 575
da016500_600_2.7.npy    016500 600
da016500_625_2.7.npy    016500 625
da016500_650_2.7.npy    016500 650
da016500_675_2.7.npy    016500 675
da016500_700_2.7.npy    016500 700
da016500_725_2.7.npy    016500 725
da016500_750_2.7.npy    016500 750
da016500_775_2.7.npy    016500 775
da016500_800_2.7.npy    016500 800
da016500_825_2.7.npy    016500 825
da016500_850_2.7.npy    016500 850
da016500_875_2.7.npy    016500 875
da016500_900_2.7.npy    016500 900
da016500_925_2.7.npy    016500 925
da016500_950_2.7.npy    016500 950
da016750_400_2.7.npy    016750 400
da016750_425_2.7.npy    016750 425
da016750_450_2.7.npy    016750 450
da016750_475_2.7.npy    016750 475
da016750_500_2.7.npy    016750 500
da016750_525_2.7.npy    016750 525
da016750_550_2.7.npy    016750 550
da016750_575_2.7.npy    016750 575
da016750_600_2.7.npy    016750 600
da016750_625_2.7.npy    016750 625
da016750_650_2.7.npy    016750 650
da016750_675_2.7.npy    016750 675
da016750_700_2.7.npy    016750 700
da016750_725_2.7.npy    016750 725
da016750_750_2.7.npy    016750 750
da016750_775_2.7.npy    016750 775
da016750_800_2.7.npy    016750 800
da016750_825_2.7.npy    016750 825
da016750_850_2.7.npy    016750 850
da016750_875_2.7.npy    016750 875
da016750_900_2.7.npy    016750 900
da016750_925_2.7.npy    016750 925
da016750_950_2.7.npy    016750 950
da017000_400_2.7.npy    017000 400
da017000_425_2.7.npy    017000 425
da017000_450_2.7.npy    017000 450
da017000_475_2.7.npy    017000 475
da017000_500_2.7.npy    017000 500
da017000_525_2.7.npy    017000 525
da017000_550_2.7.npy    017000 550
da017000_575_2.7.npy    017000 575
da017000_600_2.7.npy    017000 600
da017000_625_2.7.npy    017000 625
da017000_650_2.7.npy    017000 650
da017000_675_2.7.npy    017000 675
da017000_700_2.7.npy    017000 700
da017000_725_2.7.npy    017000 725
da017000_750_2.7.npy    017000 750
da017000_775_2.7.npy    017000 775
da017000_800_2.7.npy    017000 800
da017000_825_2.7.npy    017000 825
da017000_850_2.7.npy    017000 850
da017000_875_2.7.npy    017000 875
da017000_900_2.7.npy    017000 900
da017000_925_2.7.npy    017000 925
da017000_950_2.7.npy    017000 950
da017250_400_2.7.npy    017250 400
da017250_425_2.7.npy    017250 425
da017250_450_2.7.npy    017250 450
da017250_475_2.7.npy    017250 475
da017250_500_2.7.npy    017250 500
da017250_525_2.7.npy    017250 525
da017250_550_2.7.npy    017250 550
da017250_575_2.7.npy    017250 575
da017250_600_2.7.npy    017250 600
da017250_625_2.7.npy    017250 625
da017250_650_2.7.npy    017250 650
da017250_675_2.7.npy    017250 675
da017250_700_2.7.npy    017250 700
da017250_725_2.7.npy    017250 725
da017250_750_2.7.npy    017250 750
da017250_775_2.7.npy    017250 775
da017250_800_2.7.npy    017250 800
da017250_825_2.7.npy    017250 825
da017250_850_2.7.npy    017250 850
da017250_875_2.7.npy    017250 875
da017250_900_2.7.npy    017250 900
da017250_925_2.7.npy    017250 925
da017250_950_2.7.npy    017250 950
da017500_400_2.7.npy    017500 400
da017500_425_2.7.npy    017500 425
da017500_450_2.7.npy    017500 450
da017500_475_2.7.npy    017500 475
da017500_500_2.7.npy    017500 500
da017500_525_2.7.npy    017500 525
da017500_550_2.7.npy    017500 550
da017500_575_2.7.npy    017500 575
da017500_600_2.7.npy    017500 600
da017500_625_2.7.npy    017500 625
da017500_650_2.7.npy    017500 650
da017500_675_2.7.npy    017500 675
da017500_700_2.7.npy    017500 700
da017500_725_2.7.npy    017500 725
da017500_750_2.7.npy    017500 750
da017500_775_2.7.npy    017500 775
da017500_800_2.7.npy    017500 800
da017500_825_2.7.npy    017500 825
da017500_850_2.7.npy    017500 850
da017500_875_2.7.npy    017500 875
da017500_900_2.7.npy    017500 900
da017500_925_2.7.npy    017500 925
da017500_950_2.7.npy    017500 950
da017750_400_2.7.npy    017750 400
da017750_425_2.7.npy    017750 425
da017750_450_2.7.npy    017750 450
da017750_475_2.7.npy    017750 475
da017750_500_2.7.npy    017750 500
da017750_525_2.7.npy    017750 525
da017750_550_2.7.npy    017750 550
da017750_575_2.7.npy    017750 575
da017750_600_2.7.npy    017750 600
da017750_625_2.7.npy    017750 625
da017750_650_2.7.npy    017750 650
da017750_675_2.7.npy    017750 675
da017750_700_2.7.npy    017750 700
da017750_725_2.7.npy    017750 725
da017750_750_2.7.npy    017750 750
da017750_775_2.7.npy    017750 775
da017750_800_2.7.npy    017750 800
da017750_825_2.7.npy    017750 825
da017750_850_2.7.npy    017750 850
da017750_875_2.7.npy    017750 875
da017750_900_2.7.npy    017750 900
da017750_925_2.7.npy    017750 925
da017750_950_2.7.npy    017750 950
da018000_400_2.7.npy    018000 400
da018000_425_2.7.npy    018000 425
da018000_450_2.7.npy    018000 450
da018000_475_2.7.npy    018000 475
da018000_500_2.7.npy    018000 500
da018000_525_2.7.npy    018000 525
da018000_550_2.7.npy    018000 550
da018000_575_2.7.npy    018000 575
da018000_600_2.7.npy    018000 600
da018000_625_2.7.npy    018000 625
da018000_650_2.7.npy    018000 650
da018000_675_2.7.npy    018000 675
da018000_700_2.7.npy    018000 700
da018000_725_2.7.npy    018000 725
da018000_750_2.7.npy    018000 750
da018000_775_2.7.npy    018000 775
da018000_800_2.7.npy    018000 800
da018000_825_2.7.npy    018000 825
da018000_850_2.7.npy    018000 850
da018000_875_2.7.npy    018000 875
da018000_900_2.7.npy    018000 900
da018000_925_2.7.npy    018000 925
da018000_950_2.7.npy    018000 950
da018250_400_2.7.npy    018250 400
da018250_425_2.7.npy    018250 425
da018250_450_2.7.npy    018250 450
da018250_475_2.7.npy    018250 475
da018250_500_2.7.npy    018250 500
da018250_525_2.7.npy    018250 525
da018250_550_2.7.npy    018250 550
da018250_575_2.7.npy    018250 575
da018250_600_2.7.npy    018250 600
da018250_625_2.7.npy    018250 625
da018250_650_2.7.npy    018250 650
da018250_675_2.7.npy    018250 675
da018250_700_2.7.npy    018250 700
da018250_725_2.7.npy    018250 725
da018250_750_2.7.npy    018250 750
da018250_775_2.7.npy    018250 775
da018250_800_2.7.npy    018250 800
da018250_825_2.7.npy    018250 825
da018250_850_2.7.npy    018250 850
da018250_875_2.7.npy    018250 875
da018250_900_2.7.npy    018250 900
da018250_925_2.7.npy    018250 925
da018250_950_2.7.npy    018250 950
da018500_400_2.7.npy    018500 400
da018500_425_2.7.npy    018500 425
da018500_450_2.7.npy    018500 450
da018500_475_2.7.npy    018500 475
da018500_500_2.7.npy    018500 500
da018500_525_2.7.npy    018500 525
da018500_550_2.7.npy    018500 550
da018500_575_2.7.npy    018500 575
da018500_600_2.7.npy    018500 600
da018500_625_2.7.npy    018500 625
da018500_650_2.7.npy    018500 650
da018500_675_2.7.npy    018500 675
da018500_700_2.7.npy    018500 700
da018500_725_2.7.npy    018500 725
da018500_750_2.7.npy    018500 750
da018500_775_2.7.npy    018500 775
da018500_800_2.7.npy    018500 800
da018500_825_2.7.npy    018500 825
da018500_850_2.7.npy    018500 850
da018500_875_2.7.npy    018500 875
da018500_900_2.7.npy    018500 900
da018500_925_2.7.npy    018500 925
da018500_950_2.7.npy    018500 950
da018750_400_2.7.npy    018750 400
da018750_425_2.7.npy    018750 425
da018750_450_2.7.npy    018750 450
da018750_475_2.7.npy    018750 475
da018750_500_2.7.npy    018750 500
da018750_525_2.7.npy    018750 525
da018750_550_2.7.npy    018750 550
da018750_575_2.7.npy    018750 575
da018750_600_2.7.npy    018750 600
da018750_625_2.7.npy    018750 625
da018750_650_2.7.npy    018750 650
da018750_675_2.7.npy    018750 675
da018750_700_2.7.npy    018750 700
da018750_725_2.7.npy    018750 725
da018750_750_2.7.npy    018750 750
da018750_775_2.7.npy    018750 775
da018750_800_2.7.npy    018750 800
da018750_825_2.7.npy    018750 825
da018750_850_2.7.npy    018750 850
da018750_875_2.7.npy    018750 875
da018750_900_2.7.npy    018750 900
da018750_925_2.7.npy    018750 925
da018750_950_2.7.npy    018750 950
da019000_400_2.7.npy    019000 400
da019000_425_2.7.npy    019000 425
da019000_450_2.7.npy    019000 450
da019000_475_2.7.npy    019000 475
da019000_500_2.7.npy    019000 500
da019000_525_2.7.npy    019000 525
da019000_550_2.7.npy    019000 550
da019000_575_2.7.npy    019000 575
da019000_600_2.7.npy    019000 600
da019000_625_2.7.npy    019000 625
da019000_650_2.7.npy    019000 650
da019000_675_2.7.npy    019000 675
da019000_700_2.7.npy    019000 700
da019000_725_2.7.npy    019000 725
da019000_750_2.7.npy    019000 750
da019000_775_2.7.npy    019000 775
da019000_800_2.7.npy    019000 800
da019000_825_2.7.npy    019000 825
da019000_850_2.7.npy    019000 850
da019000_875_2.7.npy    019000 875
da019000_900_2.7.npy    019000 900
da019000_925_2.7.npy    019000 925
da019000_950_2.7.npy    019000 950
da019250_400_2.7.npy    019250 400
da019250_425_2.7.npy    019250 425
da019250_450_2.7.npy    019250 450
da019250_475_2.7.npy    019250 475
da019250_500_2.7.npy    019250 500
da019250_525_2.7.npy    019250 525
da019250_550_2.7.npy    019250 550
da019250_575_2.7.npy    019250 575
da019250_600_2.7.npy    019250 600
da019250_625_2.7.npy    019250 625
da019250_650_2.7.npy    019250 650
da019250_675_2.7.npy    019250 675
da019250_700_2.7.npy    019250 700
da019250_725_2.7.npy    019250 725
da019250_750_2.7.npy    019250 750
da019250_775_2.7.npy    019250 775
da019250_800_2.7.npy    019250 800
da019250_825_2.7.npy    019250 825
da019250_850_2.7.npy    019250 850
da019250_875_2.7.npy    019250 875
da019250_900_2.7.npy    019250 900
da019250_925_2.7.npy    019250 925
da019250_950_2.7.npy    019250 950
da019500_400_2.7.npy    019500 400
da019500_425_2.7.npy    019500 425
da019500_450_2.7.npy    019500 450
da019500_475_2.7.npy    019500 475
da019500_500_2.7.npy    019500 500
da019500_525_2.7.npy    019500 525
da019500_550_2.7.npy    019500 550
da019500_575_2.7.npy    019500 575
da019500_600_2.7.npy    019500 600
da019500_625_2.7.npy    019500 625
da019500_650_2.7.npy    019500 650
da019500_675_2.7.npy    019500 675
da019500_700_2.7.npy    019500 700
da019500_725_2.7.npy    019500 725
da019500_750_2.7.npy    019500 750
da019500_775_2.7.npy    019500 775
da019500_800_2.7.npy    019500 800
da019500_825_2.7.npy    019500 825
da019500_850_2.7.npy    019500 850
da019500_875_2.7.npy    019500 875
da019500_900_2.7.npy    019500 900
da019500_925_2.7.npy    019500 925
da019500_950_2.7.npy    019500 950
da019750_400_2.7.npy    019750 400
da019750_425_2.7.npy    019750 425
da019750_450_2.7.npy    019750 450
da019750_475_2.7.npy    019750 475
da019750_500_2.7.npy    019750 500
da019750_525_2.7.npy    019750 525
da019750_550_2.7.npy    019750 550
da019750_575_2.7.npy    019750 575
da019750_600_2.7.npy    019750 600
da019750_625_2.7.npy    019750 625
da019750_650_2.7.npy    019750 650
da019750_675_2.7.npy    019750 675
da019750_700_2.7.npy    019750 700
da019750_725_2.7.npy    019750 725
da019750_750_2.7.npy    019750 750
da019750_775_2.7.npy    019750 775
da019750_800_2.7.npy    019750 800
da019750_825_2.7.npy    019750 825
da019750_850_2.7.npy    019750 850
da019750_875_2.7.npy    019750 875
da019750_900_2.7.npy    019750 900
da019750_925_2.7.npy    019750 925
da019750_950_2.7.npy    019750 950
da020000_400_2.7.npy    020000 400
da020000_425_2.7.npy    020000 425
da020000_450_2.7.npy    020000 450
da020000_475_2.7.npy    020000 475
da020000_500_2.7.npy    020000 500
da020000_525_2.7.npy    020000 525
da020000_550_2.7.npy    020000 550
da020000_575_2.7.npy    020000 575
da020000_600_2.7.npy    020000 600
da020000_625_2.7.npy    020000 625
da020000_650_2.7.npy    020000 650
da020000_675_2.7.npy    020000 675
da020000_700_2.7.npy    020000 700
da020000_725_2.7.npy    020000 725
da020000_750_2.7.npy    020000 750
da020000_775_2.7.npy    020000 775
da020000_800_2.7.npy    020000 800
da020000_825_2.7.npy    020000 825
da020000_850_2.7.npy    020000 850
da020000_875_2.7.npy    020000 875
da020000_900_2.7.npy    020000 900
da020000_925_2.7.npy    020000 925
da020000_950_2.7.npy    020000 950
da021000_400_2.7.npy    021000 400
da021000_425_2.7.npy    021000 425
da021000_450_2.7.npy    021000 450
da021000_475_2.7.npy    021000 475
da021000_500_2.7.npy    021000 500
da021000_525_2.7.npy    021000 525
da021000_550_2.7.npy    021000 550
da021000_575_2.7.npy    021000 575
da021000_600_2.7.npy    021000 600
da021000_625_2.7.npy    021000 625
da021000_650_2.7.npy    021000 650
da021000_675_2.7.npy    021000 675
da021000_700_2.7.npy    021000 700
da021000_725_2.7.npy    021000 725
da021000_750_2.7.npy    021000 750
da021000_775_2.7.npy    021000 775
da021000_800_2.7.npy    021000 800
da021000_825_2.7.npy    021000 825
da021000_850_2.7.npy    021000 850
da021000_875_2.7.npy    021000 875
da021000_900_2.7.npy    021000 900
da021000_925_2.7.npy    021000 925
da021000_950_2.7.npy    021000 950
da022000_400_2.7.npy    022000 400
da022000_425_2.7.npy    022000 425
da022000_450_2.7.npy    022000 450
da022000_475_2.7.npy    022000 475
da022000_500_2.7.npy    022000 500
da022000_525_2.7.npy    022000 525
da022000_550_2.7.npy    022000 550
da022000_575_2.7.npy    022000 575
da022000_600_2.7.npy    022000 600
da022000_625_2.7.npy    022000 625
da022000_650_2.7.npy    022000 650
da022000_675_2.7.npy    022000 675
da022000_700_2.7.npy    022000 700
da022000_725_2.7.npy    022000 725
da022000_750_2.7.npy    022000 750
da022000_775_2.7.npy    022000 775
da022000_800_2.7.npy    022000 800
da022000_825_2.7.npy    022000 825
da022000_850_2.7.npy    022000 850
da022000_875_2.7.npy    022000 875
da022000_900_2.7.npy    022000 900
da022000_925_2.7.npy    022000 925
da022000_950_2.7.npy    022000 950
da023000_400_2.7.npy    023000 400
da023000_425_2.7.npy    023000 425
da023000_450_2.7.npy    023000 450
da023000_475_2.7.npy    023000 475
da023000_500_2.7.npy    023000 500
da023000_525_2.7.npy    023000 525
da023000_550_2.7.npy    023000 550
da023000_575_2.7.npy    023000 575
da023000_600_2.7.npy    023000 600
da023000_625_2.7.npy    023000 625
da023000_650_2.7.npy    023000 650
da023000_675_2.7.npy    023000 675
da023000_700_2.7.npy    023000 700
da023000_725_2.7.npy    023000 725
da023000_750_2.7.npy    023000 750
da023000_775_2.7.npy    023000 775
da023000_800_2.7.npy    023000 800
da023000_825_2.7.npy    023000 825
da023000_850_2.7.npy    023000 850
da023000_875_2.7.npy    023000 875
da023000_900_2.7.npy    023000 900
da023000_925_2.7.npy    023000 925
da023000_950_2.7.npy    023000 950
da024000_400_2.7.npy    024000 400
da024000_425_2.7.npy    024000 425
da024000_450_2.7.npy    024000 450
da024000_475_2.7.npy    024000 475
da024000_500_2.7.npy    024000 500
da024000_525_2.7.npy    024000 525
da024000_550_2.7.npy    024000 550
da024000_575_2.7.npy    024000 575
da024000_600_2.7.npy    024000 600
da024000_625_2.7.npy    024000 625
da024000_650_2.7.npy    024000 650
da024000_675_2.7.npy    024000 675
da024000_700_2.7.npy    024000 700
da024000_725_2.7.npy    024000 725
da024000_750_2.7.npy    024000 750
da024000_775_2.7.npy    024000 775
da024000_800_2.7.npy    024000 800
da024000_825_2.7.npy    024000 825
da024000_850_2.7.npy    024000 850
da024000_875_2.7.npy    024000 875
da024000_900_2.7.npy    024000 900
da024000_925_2.7.npy    024000 925
da024000_950_2.7.npy    024000 950
da025000_400_2.7.npy    025000 400
da025000_425_2.7.npy    025000 425
da025000_450_2.7.npy    025000 450
da025000_475_2.7.npy    025000 475
da025000_500_2.7.npy    025000 500
da025000_525_2.7.npy    025000 525
da025000_550_2.7.npy    025000 550
da025000_575_2.7.npy    025000 575
da025000_600_2.7.npy    025000 600
da025000_625_2.7.npy    025000 625
da025000_650_2.7.npy    025000 650
da025000_675_2.7.npy    025000 675
da025000_700_2.7.npy    025000 700
da025000_725_2.7.npy    025000 725
da025000_750_2.7.npy    025000 750
da025000_775_2.7.npy    025000 775
da025000_800_2.7.npy    025000 800
da025000_825_2.7.npy    025000 825
da025000_850_2.7.npy    025000 850
da025000_875_2.7.npy    025000 875
da025000_900_2.7.npy    025000 900
da025000_925_2.7.npy    025000 925
da025000_950_2.7.npy    025000 950
da026000_400_2.7.npy    026000 400
da026000_425_2.7.npy    026000 425
da026000_450_2.7.npy    026000 450
da026000_475_2.7.npy    026000 475
da026000_500_2.7.npy    026000 500
da026000_525_2.7.npy    026000 525
da026000_550_2.7.npy    026000 550
da026000_575_2.7.npy    026000 575
da026000_600_2.7.npy    026000 600
da026000_625_2.7.npy    026000 625
da026000_650_2.7.npy    026000 650
da026000_675_2.7.npy    026000 675
da026000_700_2.7.npy    026000 700
da026000_725_2.7.npy    026000 725
da026000_750_2.7.npy    026000 750
da026000_775_2.7.npy    026000 775
da026000_800_2.7.npy    026000 800
da026000_825_2.7.npy    026000 825
da026000_850_2.7.npy    026000 850
da026000_875_2.7.npy    026000 875
da026000_900_2.7.npy    026000 900
da026000_925_2.7.npy    026000 925
da026000_950_2.7.npy    026000 950
da027000_400_2.7.npy    027000 400
da027000_425_2.7.npy    027000 425
da027000_450_2.7.npy    027000 450
da027000_475_2.7.npy    027000 475
da027000_500_2.7.npy    027000 500
da027000_525_2.7.npy    027000 525
da027000_550_2.7.npy    027000 550
da027000_575_2.7.npy    027000 575
da027000_600_2.7.npy    027000 600
da027000_625_2.7.npy    027000 625
da027000_650_2.7.npy    027000 650
da027000_675_2.7.npy    027000 675
da027000_700_2.7.npy    027000 700
da027000_725_2.7.npy    027000 725
da027000_750_2.7.npy    027000 750
da027000_775_2.7.npy    027000 775
da027000_800_2.7.npy    027000 800
da027000_825_2.7.npy    027000 825
da027000_850_2.7.npy    027000 850
da027000_875_2.7.npy    027000 875
da027000_900_2.7.npy    027000 900
da027000_925_2.7.npy    027000 925
da027000_950_2.7.npy    027000 950
da028000_400_2.7.npy    028000 400
da028000_425_2.7.npy    028000 425
da028000_450_2.7.npy    028000 450
da028000_475_2.7.npy    028000 475
da028000_500_2.7.npy    028000 500
da028000_525_2.7.npy    028000 525
da028000_550_2.7.npy    028000 550
da028000_575_2.7.npy    028000 575
da028000_600_2.7.npy    028000 600
da028000_625_2.7.npy    028000 625
da028000_650_2.7.npy    028000 650
da028000_675_2.7.npy    028000 675
da028000_700_2.7.npy    028000 700
da028000_725_2.7.npy    028000 725
da028000_750_2.7.npy    028000 750
da028000_775_2.7.npy    028000 775
da028000_800_2.7.npy    028000 800
da028000_825_2.7.npy    028000 825
da028000_850_2.7.npy    028000 850
da028000_875_2.7.npy    028000 875
da028000_900_2.7.npy    028000 900
da028000_925_2.7.npy    028000 925
da028000_950_2.7.npy    028000 950
da029000_400_2.7.npy    029000 400
da029000_425_2.7.npy    029000 425
da029000_450_2.7.npy    029000 450
da029000_475_2.7.npy    029000 475
da029000_500_2.7.npy    029000 500
da029000_525_2.7.npy    029000 525
da029000_550_2.7.npy    029000 550
da029000_575_2.7.npy    029000 575
da029000_600_2.7.npy    029000 600
da029000_625_2.7.npy    029000 625
da029000_650_2.7.npy    029000 650
da029000_675_2.7.npy    029000 675
da029000_700_2.7.npy    029000 700
da029000_725_2.7.npy    029000 725
da029000_750_2.7.npy    029000 750
da029000_775_2.7.npy    029000 775
da029000_800_2.7.npy    029000 800
da029000_825_2.7.npy    029000 825
da029000_850_2.7.npy    029000 850
da029000_875_2.7.npy    029000 875
da029000_900_2.7.npy    029000 900
da029000_925_2.7.npy    029000 925
da029000_950_2.7.npy    029000 950
da030000_400_2.7.npy    030000 400
da030000_425_2.7.npy    030000 425
da030000_450_2.7.npy    030000 450
da030000_475_2.7.npy    030000 475
da030000_500_2.7.npy    030000 500
da030000_525_2.7.npy    030000 525
da030000_550_2.7.npy    030000 550
da030000_575_2.7.npy    030000 575
da030000_600_2.7.npy    030000 600
da030000_625_2.7.npy    030000 625
da030000_650_2.7.npy    030000 650
da030000_675_2.7.npy    030000 675
da030000_700_2.7.npy    030000 700
da030000_725_2.7.npy    030000 725
da030000_750_2.7.npy    030000 750
da030000_775_2.7.npy    030000 775
da030000_800_2.7.npy    030000 800
da030000_825_2.7.npy    030000 825
da030000_850_2.7.npy    030000 850
da030000_875_2.7.npy    030000 875
da030000_900_2.7.npy    030000 900
da030000_925_2.7.npy    030000 925
da030000_950_2.7.npy    030000 950
da035000_400_2.7.npy    035000 400
da035000_425_2.7.npy    035000 425
da035000_450_2.7.npy    035000 450
da035000_475_2.7.npy    035000 475
da035000_500_2.7.npy    035000 500
da035000_525_2.7.npy    035000 525
da035000_550_2.7.npy    035000 550
da035000_575_2.7.npy    035000 575
da035000_600_2.7.npy    035000 600
da035000_625_2.7.npy    035000 625
da035000_650_2.7.npy    035000 650
da035000_675_2.7.npy    035000 675
da035000_700_2.7.npy    035000 700
da035000_725_2.7.npy    035000 725
da035000_750_2.7.npy    035000 750
da035000_775_2.7.npy    035000 775
da035000_800_2.7.npy    035000 800
da035000_825_2.7.npy    035000 825
da035000_850_2.7.npy    035000 850
da035000_875_2.7.npy    035000 875
da035000_900_2.7.npy    035000 900
da035000_925_2.7.npy    035000 925
da035000_950_2.7.npy    035000 950
da040000_400_2.7.npy    040000 400
da040000_425_2.7.npy    040000 425
da040000_450_2.7.npy    040000 450
da040000_475_2.7.npy    040000 475
da040000_500_2.7.npy    040000 500
da040000_525_2.7.npy    040000 525
da040000_550_2.7.npy    040000 550
da040000_575_2.7.npy    040000 575
da040000_600_2.7.npy    040000 600
da040000_625_2.7.npy    040000 625
da040000_650_2.7.npy    040000 650
da040000_675_2.7.npy    040000 675
da040000_700_2.7.npy    040000 700
da040000_725_2.7.npy    040000 725
da040000_750_2.7.npy    040000 750
da040000_775_2.7.npy    040000 775
da040000_800_2.7.npy    040000 800
da040000_825_2.7.npy    040000 825
da040000_850_2.7.npy    040000 850
da040000_875_2.7.npy    040000 875
da040000_900_2.7.npy    040000 900
da040000_925_2.7.npy    040000 925
da040000_950_2.7.npy    040000 950
da045000_425_2.7.npy    045000 425
da045000_450_2.7.npy    045000 450
da045000_475_2.7.npy    045000 475
da045000_500_2.7.npy    045000 500
da045000_525_2.7.npy    045000 525
da045000_550_2.7.npy    045000 550
da045000_575_2.7.npy    045000 575
da045000_600_2.7.npy    045000 600
da045000_625_2.7.npy    045000 625
da045000_650_2.7.npy    045000 650
da045000_675_2.7.npy    045000 675
da045000_700_2.7.npy    045000 700
da045000_725_2.7.npy    045000 725
da045000_750_2.7.npy    045000 750
da045000_775_2.7.npy    045000 775
da045000_800_2.7.npy    045000 800
da045000_825_2.7.npy    045000 825
da045000_850_2.7.npy    045000 850
da045000_875_2.7.npy    045000 875
da045000_900_2.7.npy    045000 900
da045000_925_2.7.npy    045000 925
da045000_950_2.7.npy    045000 950
da050000_425_2.7.npy    050000 425
da050000_450_2.7.npy    050000 450
da050000_475_2.7.npy    050000 475
da050000_500_2.7.npy    050000 500
da050000_525_2.7.npy    050000 525
da050000_550_2.7.npy    050000 550
da050000_575_2.7.npy    050000 575
da050000_600_2.7.npy    050000 600
da050000_625_2.7.npy    050000 625
da050000_650_2.7.npy    050000 650
da050000_675_2.7.npy    050000 675
da050000_700_2.7.npy    050000 700
da050000_725_2.7.npy    050000 725
da050000_750_2.7.npy    050000 750
da050000_775_2.7.npy    050000 775
da050000_800_2.7.npy    050000 800
da050000_825_2.7.npy    050000 825
da050000_850_2.7.npy    050000 850
da050000_875_2.7.npy    050000 875
da050000_900_2.7.npy    050000 900
da050000_925_2.7.npy    050000 925
da050000_950_2.7.npy    050000 950
da055000_450_2.7.npy    055000 450
da055000_475_2.7.npy    055000 475
da055000_500_2.7.npy    055000 500
da055000_525_2.7.npy    055000 525
da055000_550_2.7.npy    055000 550
da055000_575_2.7.npy    055000 575
da055000_600_2.7.npy    055000 600
da055000_625_2.7.npy    055000 625
da055000_650_2.7.npy    055000 650
da055000_675_2.7.npy    055000 675
da055000_700_2.7.npy    055000 700
da055000_725_2.7.npy    055000 725
da055000_750_2.7.npy    055000 750
da055000_775_2.7.npy    055000 775
da055000_800_2.7.npy    055000 800
da055000_825_2.7.npy    055000 825
da055000_850_2.7.npy    055000 850
da055000_875_2.7.npy    055000 875
da055000_900_2.7.npy    055000 900
da055000_925_2.7.npy    055000 925
da055000_950_2.7.npy    055000 950
da060000_450_2.7.npy    060000 450
da060000_475_2.7.npy    060000 475
da060000_500_2.7.npy    060000 500
da060000_525_2.7.npy    060000 525
da060000_550_2.7.npy    060000 550
da060000_575_2.7.npy    060000 575
da060000_600_2.7.npy    060000 600
da060000_625_2.7.npy    060000 625
da060000_650_2.7.npy    060000 650
da060000_675_2.7.npy    060000 675
da060000_700_2.7.npy    060000 700
da060000_725_2.7.npy    060000 725
da060000_750_2.7.npy    060000 750
da060000_775_2.7.npy    060000 775
da060000_800_2.7.npy    060000 800
da060000_825_2.7.npy    060000 825
da060000_850_2.7.npy    060000 850
da060000_875_2.7.npy    060000 875
da060000_900_2.7.npy    060000 900
da060000_925_2.7.npy    060000 925
da060000_950_2.7.npy    060000 950
da065000_475_2.7.npy    065000 475
da065000_500_2.7.npy    065000 500
da065000_525_2.7.npy    065000 525
da065000_550_2.7.npy    065000 550
da065000_575_2.7.npy    065000 575
da065000_600_2.7.npy    065000 600
da065000_625_2.7.npy    065000 625
da065000_650_2.7.npy    065000 650
da065000_675_2.7.npy    065000 675
da065000_700_2.7.npy    065000 700
da065000_725_2.7.npy    065000 725
da065000_750_2.7.npy    065000 750
da065000_775_2.7.npy    065000 775
da065000_800_2.7.npy    065000 800
da065000_825_2.7.npy    065000 825
da065000_850_2.7.npy    065000 850
da065000_875_2.7.npy    065000 875
da065000_900_2.7.npy    065000 900
da065000_925_2.7.npy    065000 925
da065000_950_2.7.npy    065000 950
da070000_475_2.7.npy    070000 475
da070000_500_2.7.npy    070000 500
da070000_525_2.7.npy    070000 525
da070000_550_2.7.npy    070000 550
da070000_575_2.7.npy    070000 575
da070000_600_2.7.npy    070000 600
da070000_625_2.7.npy    070000 625
da070000_650_2.7.npy    070000 650
da070000_675_2.7.npy    070000 675
da070000_700_2.7.npy    070000 700
da070000_725_2.7.npy    070000 725
da070000_750_2.7.npy    070000 750
da070000_775_2.7.npy    070000 775
da070000_800_2.7.npy    070000 800
da070000_825_2.7.npy    070000 825
da070000_850_2.7.npy    070000 850
da070000_875_2.7.npy    070000 875
da070000_900_2.7.npy    070000 900
da070000_925_2.7.npy    070000 925
da070000_950_2.7.npy    070000 950
da075000_500_2.7.npy    075000 500
da075000_525_2.7.npy    075000 525
da075000_550_2.7.npy    075000 550
da075000_575_2.7.npy    075000 575
da075000_600_2.7.npy    075000 600
da075000_625_2.7.npy    075000 625
da075000_650_2.7.npy    075000 650
da075000_675_2.7.npy    075000 675
da075000_700_2.7.npy    075000 700
da075000_725_2.7.npy    075000 725
da075000_750_2.7.npy    075000 750
da075000_775_2.7.npy    075000 775
da075000_800_2.7.npy    075000 800
da075000_825_2.7.npy    075000 825
da075000_850_2.7.npy    075000 850
da075000_875_2.7.npy    075000 875
da075000_900_2.7.npy    075000 900
da075000_925_2.7.npy    075000 925
da075000_950_2.7.npy    075000 950
da080000_500_2.7.npy    080000 500
da080000_525_2.7.npy    080000 525
da080000_550_2.7.npy    080000 550
da080000_575_2.7.npy    080000 575
da080000_600_2.7.npy    080000 600
da080000_625_2.7.npy    080000 625
da080000_650_2.7.npy    080000 650
da080000_675_2.7.npy    080000 675
da080000_700_2.7.npy    080000 700
da080000_725_2.7.npy    080000 725
da080000_750_2.7.npy    080000 750
da080000_775_2.7.npy    080000 775
da080000_800_2.7.npy    080000 800
da080000_825_2.7.npy    080000 825
da080000_850_2.7.npy    080000 850
da080000_875_2.7.npy    080000 875
da080000_900_2.7.npy    080000 900
da080000_925_2.7.npy    080000 925
da080000_950_2.7.npy    080000 950
da090000_525_2.7.npy    090000 525
da090000_550_2.7.npy    090000 550
da090000_575_2.7.npy    090000 575
da090000_600_2.7.npy    090000 600
da090000_625_2.7.npy    090000 625
da090000_650_2.7.npy    090000 650
da090000_675_2.7.npy    090000 675
da090000_700_2.7.npy    090000 700
da090000_725_2.7.npy    090000 725
da090000_750_2.7.npy    090000 750
da090000_775_2.7.npy    090000 775
da090000_800_2.7.npy    090000 800
da090000_825_2.7.npy    090000 825
da090000_850_2.7.npy    090000 850
da090000_875_2.7.npy    090000 875
da090000_900_2.7.npy    090000 900
da090000_925_2.7.npy    090000 925
da090000_950_2.7.npy    090000 950
da100000_550_2.7.npy    100000 550
da100000_575_2.7.npy    100000 575
da100000_600_2.7.npy    100000 600
da100000_625_2.7.npy    100000 625
da100000_650_2.7.npy    100000 650
da100000_675_2.7.npy    100000 675
da100000_700_2.7.npy    100000 700
da100000_725_2.7.npy    100000 725
da100000_750_2.7.npy    100000 750
da100000_775_2.7.npy    100000 775
da100000_800_2.7.npy    100000 800
da100000_825_2.7.npy    100000 825
da100000_850_2.7.npy    100000 850
da100000_875_2.7.npy    100000 875
da100000_900_2.7.npy    100000 900
da100000_925_2.7.npy    100000 925
da100000_950_2.7.npy    100000 950
